<?xml version="1.0" encoding="UTF-8"?>
<!-- Generated by org.testng.reporters.JUnitReportReporter -->
<testsuite hostname="DESKTOP-EIJ4P2G" failures="0" tests="2" name="maven.selenium.TestNGParameters" time="5.519" errors="0" timestamp="2021-06-17T13:28:59 EET" skipped="0">
  <testcase classname="maven.selenium.TestNGParameters" name="OpenUdemy" time="3.881"/>
  <system-out/>
  <testcase classname="maven.selenium.TestNGParameters" name="OpenFace" time="1.638"/>
  <system-out/>
</testsuite> <!-- maven.selenium.TestNGParameters -->
