<?xml version="1.0" encoding="UTF-8"?>
<!-- Generated by org.testng.reporters.JUnitReportReporter -->
<testsuite hostname="DESKTOP-EIJ4P2G" failures="0" tests="1" name="maven.selenium.Assertions" time="3.221" errors="0" timestamp="2021-06-07T13:39:46 EET" skipped="0">
  <testcase classname="maven.selenium.Assertions" name="checkURL" time="3.221"/>
  <system-out/>
</testsuite> <!-- maven.selenium.Assertions -->
