<?xml version="1.0" encoding="UTF-8"?>
<!-- Generated by org.testng.reporters.JUnitReportReporter -->
<testsuite hostname="DESKTOP-EIJ4P2G" failures="0" tests="3" name="maven.selenium.TestNGDemo" time="6.471" errors="0" timestamp="2021-06-06T11:41:19 EET" skipped="1">
  <testcase classname="maven.selenium.TestNGDemo" name="OpenUdemy" time="4.914"/>
  <system-out/>
  <testcase classname="maven.selenium.TestNGDemo" name="OpenFace" time="1.557"/>
  <system-out/>
  <testcase classname="maven.selenium.TestNGDemo" name="OpenTwitter">
    <skipped/>
  </testcase> <!-- OpenTwitter -->
  <system-out/>
</testsuite> <!-- maven.selenium.TestNGDemo -->
