<?xml version="1.0" encoding="UTF-8"?>
<!-- Generated by org.testng.reporters.JUnitReportReporter -->
<testsuite skipped="0" hostname="DESKTOP-EIJ4P2G" name="maven.selenium.TestNGParameters" tests="4" failures="0" timestamp="2021-06-17T13:42:09 EET" time="13.547" errors="0">
  <testcase name="OpenWhatsapp" time="3.293" classname="maven.selenium.TestNGParameters"/>
  <system-out/>
  <testcase name="OpenUdemy" time="7.945" classname="maven.selenium.TestNGParameters"/>
  <system-out/>
  <testcase name="OpenFace" time="1.468" classname="maven.selenium.TestNGParameters"/>
  <system-out/>
  <testcase name="OpenTwitter" time="0.841" classname="maven.selenium.TestNGParameters"/>
  <system-out/>
</testsuite> <!-- maven.selenium.TestNGParameters -->
